d:\earphone_switcher\mine\volumeswitcher\volumeswitcher\release\volumeswitcher.pch
d:\earphone_switcher\mine\volumeswitcher\volumeswitcher\release\vc142.pdb
d:\earphone_switcher\mine\volumeswitcher\volumeswitcher\release\pch.obj
d:\earphone_switcher\mine\volumeswitcher\volumeswitcher\release\src.obj
d:\earphone_switcher\mine\volumeswitcher\volumeswitcher\release\form1.obj
d:\earphone_switcher\mine\volumeswitcher\volumeswitcher\release\cppclr_winformsprojekt.obj
d:\earphone_switcher\mine\volumeswitcher\volumeswitcher\release\assemblyinfo.obj
d:\earphone_switcher\mine\volumeswitcher\volumeswitcher\release\.netframework,version=v4.7.2.assemblyattributes.obj
d:\earphone_switcher\mine\volumeswitcher\release\volumeswitcher.exe
d:\earphone_switcher\mine\volumeswitcher\release\volumeswitcher.pdb
d:\earphone_switcher\mine\volumeswitcher\volumeswitcher\release\app.res
d:\earphone_switcher\mine\volumeswitcher\volumeswitcher\release\volumeswitcher.form1.resources
d:\earphone_switcher\mine\volumeswitcher\volumeswitcher\release\volumeswitcher.tlog\cl.command.1.tlog
d:\earphone_switcher\mine\volumeswitcher\volumeswitcher\release\volumeswitcher.tlog\cl.read.1.tlog
d:\earphone_switcher\mine\volumeswitcher\volumeswitcher\release\volumeswitcher.tlog\cl.write.1.tlog
d:\earphone_switcher\mine\volumeswitcher\volumeswitcher\release\volumeswitcher.tlog\link.command.1.tlog
d:\earphone_switcher\mine\volumeswitcher\volumeswitcher\release\volumeswitcher.tlog\link.read.1.tlog
d:\earphone_switcher\mine\volumeswitcher\volumeswitcher\release\volumeswitcher.tlog\link.write.1.tlog
d:\earphone_switcher\mine\volumeswitcher\volumeswitcher\release\volumeswitcher.tlog\metagen.read.1.tlog
d:\earphone_switcher\mine\volumeswitcher\volumeswitcher\release\volumeswitcher.tlog\metagen.write.1.tlog
d:\earphone_switcher\mine\volumeswitcher\volumeswitcher\release\volumeswitcher.tlog\rc.command.1.tlog
d:\earphone_switcher\mine\volumeswitcher\volumeswitcher\release\volumeswitcher.tlog\rc.read.1.tlog
d:\earphone_switcher\mine\volumeswitcher\volumeswitcher\release\volumeswitcher.tlog\rc.write.1.tlog
d:\earphone_switcher\mine\volumeswitcher\volumeswitcher\release\volumeswitcher.tlog\volumeswitcher.write.1u.tlog
